2024-01-10T12:52:00+00:00 CRITICAL Uncaught Error: Call to a member function is_empty() on null in C:\xampp\htdocs\auto\wp-content\plugins\th-all-in-one-woo-cart\inc\taiowc.php:288
Stack trace:
#0 C:\xampp\htdocs\auto\wp-includes\class-wp-hook.php(324): Taiowc->taiowc_mini_cart_content('')
#1 C:\xampp\htdocs\auto\wp-includes\class-wp-hook.php(348): WP_Hook->apply_filters('', Array)
#2 C:\xampp\htdocs\auto\wp-includes\plugin.php(517): WP_Hook->do_action(Array)
#3 C:\xampp\htdocs\auto\wp-content\plugins\th-all-in-one-woo-cart\inc\taiowc-markup.php(90): do_action('taiowc_mini_car...')
#4 C:\xampp\htdocs\auto\wp-content\plugins\th-all-in-one-woo-cart\inc\taiowc-cart.php(22): Taiowc_Markup->taiowc_cart_item_show()
#5 C:\xampp\htdocs\auto\wp-content\plugins\th-all-in-one-woo-cart\inc\taiowc.php(224): include('C:\\xampp\\htdocs...')
#6 C:\xampp\htdocs\auto\wp-content\plugins\th-all-in-one-woo-cart\inc\taiowc.php(212): Taiowc->getCart(Array)
#7 C:\xampp\htdocs\auto\wp-includes\shortcodes.php(433): Taiowc->addBody(Array, '', 'taiowc')
#8 [internal function]: do_shortcode_tag(Array)
#9 C:\xampp\htdocs\auto\wp-includes\shortcodes.php(273): preg_replace_callback('/\\[(\\[?)(taiowc...', 'do_shortcode_ta...', '[taiowc layout=...')
#10 C:\xampp\htdocs\auto\wp-content\plugins\th-all-in-one-woo-cart\inc\taiowc.php(263): do_shortcode('[taiowc layout=...')
#11 C:\xampp\htdocs\auto\wp-includes\class-wp-hook.php(324): Taiowc->addcartBody('')
#12 C:\xampp\htdocs\auto\wp-includes\class-wp-hook.php(348): WP_Hook->apply_filters(NULL, Array)
#13 C:\xampp\htdocs\auto\wp-includes\plugin.php(517): WP_Hook->do_action(Array)
#14 C:\xampp\htdocs\auto\wp-includes\general-template.php(3068): do_action('wp_footer')
#15 C:\xampp\htdocs\auto\wp-includes\rest-api\endpoints\class-wp-rest-widget-types-controller.php(655): wp_footer()
#16 C:\xampp\htdocs\auto\wp-includes\rest-api\endpoints\class-wp-rest-widget-types-controller.php(601): WP_REST_Widget_Types_Controller->render_legacy_widget_preview_iframe('th-about-me-wid...', Array)
#17 C:\xampp\htdocs\auto\wp-includes\rest-api\class-wp-rest-server.php(1193): WP_REST_Widget_Types_Controller->render(Object(WP_REST_Request))
#18 C:\xampp\htdocs\auto\wp-includes\rest-api\class-wp-rest-server.php(1041): WP_REST_Server->respond_to_request(Object(WP_REST_Request), '/wp/v2/widget-t...', Array, NULL)
#19 C:\xampp\htdocs\auto\wp-includes\rest-api\class-wp-rest-server.php(431): WP_REST_Server->dispatch(Object(WP_REST_Request))
#20 C:\xampp\htdocs\auto\wp-includes\rest-api.php(424): WP_REST_Server->serve_request('/wp/v2/widget-t...')
#21 C:\xampp\htdocs\auto\wp-includes\class-wp-hook.php(324): rest_api_loaded(Object(WP))
#22 C:\xampp\htdocs\auto\wp-includes\class-wp-hook.php(348): WP_Hook->apply_filters(NULL, Array)
#23 C:\xampp\htdocs\auto\wp-includes\plugin.php(565): WP_Hook->do_action(Array)
#24 C:\xampp\htdocs\auto\wp-includes\class-wp.php(418): do_action_ref_array('parse_request', Array)
#25 C:\xampp\htdocs\auto\wp-includes\class-wp.php(813): WP->parse_request('')
#26 C:\xampp\htdocs\auto\wp-includes\functions.php(1336): WP->main('')
#27 C:\xampp\htdocs\auto\wp-blog-header.php(16): wp()
#28 C:\xampp\htdocs\auto\index.php(17): require('C:\\xampp\\htdocs...')
#29 {main}
  thrown dans C:\xampp\htdocs\auto\wp-content\plugins\th-all-in-one-woo-cart\inc\taiowc.php à la ligne 288

2024-01-10T12:52:00+00:00 CRITICAL Uncaught Error: Call to a member function is_empty() on null in C:\xampp\htdocs\auto\wp-content\plugins\th-all-in-one-woo-cart\inc\taiowc.php:288
Stack trace:
#0 C:\xampp\htdocs\auto\wp-includes\class-wp-hook.php(324): Taiowc->taiowc_mini_cart_content('')
#1 C:\xampp\htdocs\auto\wp-includes\class-wp-hook.php(348): WP_Hook->apply_filters('', Array)
#2 C:\xampp\htdocs\auto\wp-includes\plugin.php(517): WP_Hook->do_action(Array)
#3 C:\xampp\htdocs\auto\wp-content\plugins\th-all-in-one-woo-cart\inc\taiowc-markup.php(90): do_action('taiowc_mini_car...')
#4 C:\xampp\htdocs\auto\wp-content\plugins\th-all-in-one-woo-cart\inc\taiowc-cart.php(22): Taiowc_Markup->taiowc_cart_item_show()
#5 C:\xampp\htdocs\auto\wp-content\plugins\th-all-in-one-woo-cart\inc\taiowc.php(224): include('C:\\xampp\\htdocs...')
#6 C:\xampp\htdocs\auto\wp-content\plugins\th-all-in-one-woo-cart\inc\taiowc.php(212): Taiowc->getCart(Array)
#7 C:\xampp\htdocs\auto\wp-includes\shortcodes.php(433): Taiowc->addBody(Array, '', 'taiowc')
#8 [internal function]: do_shortcode_tag(Array)
#9 C:\xampp\htdocs\auto\wp-includes\shortcodes.php(273): preg_replace_callback('/\\[(\\[?)(taiowc...', 'do_shortcode_ta...', '[taiowc layout=...')
#10 C:\xampp\htdocs\auto\wp-content\plugins\th-all-in-one-woo-cart\inc\taiowc.php(263): do_shortcode('[taiowc layout=...')
#11 C:\xampp\htdocs\auto\wp-includes\class-wp-hook.php(324): Taiowc->addcartBody('')
#12 C:\xampp\htdocs\auto\wp-includes\class-wp-hook.php(348): WP_Hook->apply_filters(NULL, Array)
#13 C:\xampp\htdocs\auto\wp-includes\plugin.php(517): WP_Hook->do_action(Array)
#14 C:\xampp\htdocs\auto\wp-includes\general-template.php(3068): do_action('wp_footer')
#15 C:\xampp\htdocs\auto\wp-includes\rest-api\endpoints\class-wp-rest-widget-types-controller.php(655): wp_footer()
#16 C:\xampp\htdocs\auto\wp-includes\rest-api\endpoints\class-wp-rest-widget-types-controller.php(601): WP_REST_Widget_Types_Controller->render_legacy_widget_preview_iframe('topstore-highli...', Array)
#17 C:\xampp\htdocs\auto\wp-includes\rest-api\class-wp-rest-server.php(1193): WP_REST_Widget_Types_Controller->render(Object(WP_REST_Request))
#18 C:\xampp\htdocs\auto\wp-includes\rest-api\class-wp-rest-server.php(1041): WP_REST_Server->respond_to_request(Object(WP_REST_Request), '/wp/v2/widget-t...', Array, NULL)
#19 C:\xampp\htdocs\auto\wp-includes\rest-api\class-wp-rest-server.php(431): WP_REST_Server->dispatch(Object(WP_REST_Request))
#20 C:\xampp\htdocs\auto\wp-includes\rest-api.php(424): WP_REST_Server->serve_request('/wp/v2/widget-t...')
#21 C:\xampp\htdocs\auto\wp-includes\class-wp-hook.php(324): rest_api_loaded(Object(WP))
#22 C:\xampp\htdocs\auto\wp-includes\class-wp-hook.php(348): WP_Hook->apply_filters(NULL, Array)
#23 C:\xampp\htdocs\auto\wp-includes\plugin.php(565): WP_Hook->do_action(Array)
#24 C:\xampp\htdocs\auto\wp-includes\class-wp.php(418): do_action_ref_array('parse_request', Array)
#25 C:\xampp\htdocs\auto\wp-includes\class-wp.php(813): WP->parse_request('')
#26 C:\xampp\htdocs\auto\wp-includes\functions.php(1336): WP->main('')
#27 C:\xampp\htdocs\auto\wp-blog-header.php(16): wp()
#28 C:\xampp\htdocs\auto\index.php(17): require('C:\\xampp\\htdocs...')
#29 {main}
  thrown dans C:\xampp\htdocs\auto\wp-content\plugins\th-all-in-one-woo-cart\inc\taiowc.php à la ligne 288

2024-01-10T12:52:02+00:00 CRITICAL Uncaught Error: Call to a member function is_empty() on null in C:\xampp\htdocs\auto\wp-content\plugins\th-all-in-one-woo-cart\inc\taiowc.php:288
Stack trace:
#0 C:\xampp\htdocs\auto\wp-includes\class-wp-hook.php(324): Taiowc->taiowc_mini_cart_content('')
#1 C:\xampp\htdocs\auto\wp-includes\class-wp-hook.php(348): WP_Hook->apply_filters('', Array)
#2 C:\xampp\htdocs\auto\wp-includes\plugin.php(517): WP_Hook->do_action(Array)
#3 C:\xampp\htdocs\auto\wp-content\plugins\th-all-in-one-woo-cart\inc\taiowc-markup.php(90): do_action('taiowc_mini_car...')
#4 C:\xampp\htdocs\auto\wp-content\plugins\th-all-in-one-woo-cart\inc\taiowc-cart.php(22): Taiowc_Markup->taiowc_cart_item_show()
#5 C:\xampp\htdocs\auto\wp-content\plugins\th-all-in-one-woo-cart\inc\taiowc.php(224): include('C:\\xampp\\htdocs...')
#6 C:\xampp\htdocs\auto\wp-content\plugins\th-all-in-one-woo-cart\inc\taiowc.php(212): Taiowc->getCart(Array)
#7 C:\xampp\htdocs\auto\wp-includes\shortcodes.php(433): Taiowc->addBody(Array, '', 'taiowc')
#8 [internal function]: do_shortcode_tag(Array)
#9 C:\xampp\htdocs\auto\wp-includes\shortcodes.php(273): preg_replace_callback('/\\[(\\[?)(taiowc...', 'do_shortcode_ta...', '[taiowc layout=...')
#10 C:\xampp\htdocs\auto\wp-content\plugins\th-all-in-one-woo-cart\inc\taiowc.php(263): do_shortcode('[taiowc layout=...')
#11 C:\xampp\htdocs\auto\wp-includes\class-wp-hook.php(324): Taiowc->addcartBody('')
#12 C:\xampp\htdocs\auto\wp-includes\class-wp-hook.php(348): WP_Hook->apply_filters(NULL, Array)
#13 C:\xampp\htdocs\auto\wp-includes\plugin.php(517): WP_Hook->do_action(Array)
#14 C:\xampp\htdocs\auto\wp-includes\general-template.php(3068): do_action('wp_footer')
#15 C:\xampp\htdocs\auto\wp-includes\rest-api\endpoints\class-wp-rest-widget-types-controller.php(655): wp_footer()
#16 C:\xampp\htdocs\auto\wp-includes\rest-api\endpoints\class-wp-rest-widget-types-controller.php(601): WP_REST_Widget_Types_Controller->render_legacy_widget_preview_iframe('media_gallery', Array)
#17 C:\xampp\htdocs\auto\wp-includes\rest-api\class-wp-rest-server.php(1193): WP_REST_Widget_Types_Controller->render(Object(WP_REST_Request))
#18 C:\xampp\htdocs\auto\wp-includes\rest-api\class-wp-rest-server.php(1041): WP_REST_Server->respond_to_request(Object(WP_REST_Request), '/wp/v2/widget-t...', Array, NULL)
#19 C:\xampp\htdocs\auto\wp-includes\rest-api\class-wp-rest-server.php(431): WP_REST_Server->dispatch(Object(WP_REST_Request))
#20 C:\xampp\htdocs\auto\wp-includes\rest-api.php(424): WP_REST_Server->serve_request('/wp/v2/widget-t...')
#21 C:\xampp\htdocs\auto\wp-includes\class-wp-hook.php(324): rest_api_loaded(Object(WP))
#22 C:\xampp\htdocs\auto\wp-includes\class-wp-hook.php(348): WP_Hook->apply_filters(NULL, Array)
#23 C:\xampp\htdocs\auto\wp-includes\plugin.php(565): WP_Hook->do_action(Array)
#24 C:\xampp\htdocs\auto\wp-includes\class-wp.php(418): do_action_ref_array('parse_request', Array)
#25 C:\xampp\htdocs\auto\wp-includes\class-wp.php(813): WP->parse_request('')
#26 C:\xampp\htdocs\auto\wp-includes\functions.php(1336): WP->main('')
#27 C:\xampp\htdocs\auto\wp-blog-header.php(16): wp()
#28 C:\xampp\htdocs\auto\index.php(17): require('C:\\xampp\\htdocs...')
#29 {main}
  thrown dans C:\xampp\htdocs\auto\wp-content\plugins\th-all-in-one-woo-cart\inc\taiowc.php à la ligne 288

2024-01-10T12:52:03+00:00 CRITICAL Uncaught Error: Call to a member function is_empty() on null in C:\xampp\htdocs\auto\wp-content\plugins\th-all-in-one-woo-cart\inc\taiowc.php:288
Stack trace:
#0 C:\xampp\htdocs\auto\wp-includes\class-wp-hook.php(324): Taiowc->taiowc_mini_cart_content('')
#1 C:\xampp\htdocs\auto\wp-includes\class-wp-hook.php(348): WP_Hook->apply_filters('', Array)
#2 C:\xampp\htdocs\auto\wp-includes\plugin.php(517): WP_Hook->do_action(Array)
#3 C:\xampp\htdocs\auto\wp-content\plugins\th-all-in-one-woo-cart\inc\taiowc-markup.php(90): do_action('taiowc_mini_car...')
#4 C:\xampp\htdocs\auto\wp-content\plugins\th-all-in-one-woo-cart\inc\taiowc-cart.php(22): Taiowc_Markup->taiowc_cart_item_show()
#5 C:\xampp\htdocs\auto\wp-content\plugins\th-all-in-one-woo-cart\inc\taiowc.php(224): include('C:\\xampp\\htdocs...')
#6 C:\xampp\htdocs\auto\wp-content\plugins\th-all-in-one-woo-cart\inc\taiowc.php(212): Taiowc->getCart(Array)
#7 C:\xampp\htdocs\auto\wp-includes\shortcodes.php(433): Taiowc->addBody(Array, '', 'taiowc')
#8 [internal function]: do_shortcode_tag(Array)
#9 C:\xampp\htdocs\auto\wp-includes\shortcodes.php(273): preg_replace_callback('/\\[(\\[?)(taiowc...', 'do_shortcode_ta...', '[taiowc layout=...')
#10 C:\xampp\htdocs\auto\wp-content\plugins\th-all-in-one-woo-cart\inc\taiowc.php(263): do_shortcode('[taiowc layout=...')
#11 C:\xampp\htdocs\auto\wp-includes\class-wp-hook.php(324): Taiowc->addcartBody('')
#12 C:\xampp\htdocs\auto\wp-includes\class-wp-hook.php(348): WP_Hook->apply_filters(NULL, Array)
#13 C:\xampp\htdocs\auto\wp-includes\plugin.php(517): WP_Hook->do_action(Array)
#14 C:\xampp\htdocs\auto\wp-includes\general-template.php(3068): do_action('wp_footer')
#15 C:\xampp\htdocs\auto\wp-includes\rest-api\endpoints\class-wp-rest-widget-types-controller.php(655): wp_footer()
#16 C:\xampp\htdocs\auto\wp-includes\rest-api\endpoints\class-wp-rest-widget-types-controller.php(601): WP_REST_Widget_Types_Controller->render_legacy_widget_preview_iframe('themehunk-custo...', Array)
#17 C:\xampp\htdocs\auto\wp-includes\rest-api\class-wp-rest-server.php(1193): WP_REST_Widget_Types_Controller->render(Object(WP_REST_Request))
#18 C:\xampp\htdocs\auto\wp-includes\rest-api\class-wp-rest-server.php(1041): WP_REST_Server->respond_to_request(Object(WP_REST_Request), '/wp/v2/widget-t...', Array, NULL)
#19 C:\xampp\htdocs\auto\wp-includes\rest-api\class-wp-rest-server.php(431): WP_REST_Server->dispatch(Object(WP_REST_Request))
#20 C:\xampp\htdocs\auto\wp-includes\rest-api.php(424): WP_REST_Server->serve_request('/wp/v2/widget-t...')
#21 C:\xampp\htdocs\auto\wp-includes\class-wp-hook.php(324): rest_api_loaded(Object(WP))
#22 C:\xampp\htdocs\auto\wp-includes\class-wp-hook.php(348): WP_Hook->apply_filters(NULL, Array)
#23 C:\xampp\htdocs\auto\wp-includes\plugin.php(565): WP_Hook->do_action(Array)
#24 C:\xampp\htdocs\auto\wp-includes\class-wp.php(418): do_action_ref_array('parse_request', Array)
#25 C:\xampp\htdocs\auto\wp-includes\class-wp.php(813): WP->parse_request('')
#26 C:\xampp\htdocs\auto\wp-includes\functions.php(1336): WP->main('')
#27 C:\xampp\htdocs\auto\wp-blog-header.php(16): wp()
#28 C:\xampp\htdocs\auto\index.php(17): require('C:\\xampp\\htdocs...')
#29 {main}
  thrown dans C:\xampp\htdocs\auto\wp-content\plugins\th-all-in-one-woo-cart\inc\taiowc.php à la ligne 288

2024-01-10T16:49:55+00:00 CRITICAL Uncaught WCPay\Exceptions\API_Exception: Your site host "localhost" is on a private network. Jetpack can only connect to public sites. in C:\xampp\htdocs\auto\wp-content\plugins\woocommerce-payments\includes\wc-payment-api\class-wc-payments-http.php:194
Stack trace:
#0 C:\xampp\htdocs\auto\wp-content\plugins\woocommerce-payments\includes\wc-payment-api\class-wc-payments-api-client.php(222): WC_Payments_Http->start_connection('http://localhos...')
#1 C:\xampp\htdocs\auto\wp-content\plugins\woocommerce-payments\includes\class-wc-payments-account.php(1934): WC_Payments_API_Client->start_server_connection('http://localhos...')
#2 C:\xampp\htdocs\auto\wp-content\plugins\woocommerce-payments\includes\class-wc-payments-account.php(1029): WC_Payments_Account->redirect_to_onboarding_flow_page()
#3 C:\xampp\htdocs\auto\wp-includes\class-wp-hook.php(324): WC_Payments_Account->maybe_handle_onboarding('')
#4 C:\xampp\htdocs\auto\wp-includes\class-wp-hook.php(348): WP_Hook->apply_filters(NULL, Array)
#5 C:\xampp\htdocs\auto\wp-includes\plugin.php(517): WP_Hook->do_action(Array)
#6 C:\xampp\htdocs\auto\wp-admin\admin.php(175): do_action('admin_init')
#7 {main}
  thrown dans C:\xampp\htdocs\auto\wp-content\plugins\woocommerce-payments\includes\wc-payment-api\class-wc-payments-http.php à la ligne 194

